<?xml version="1.0" encoding="UTF-8"?>
<!-- Generated by org.testng.reporters.JUnitReportReporter -->
<testsuite skipped="0" hostname="DESKTOP-VEIHVE1" name="com.TestNG.Invocationcount_concept" tests="4" failures="0" timestamp="2021-05-09T21:30:52 IST" time="0.030" errors="0">
  <testcase name="refresh" time="0.015" classname="com.TestNG.Invocationcount_concept"/>
  <system-out/>
  <testcase name="browserlaunch" time="0.015" classname="com.TestNG.Invocationcount_concept"/>
  <system-out/>
  <testcase name="refresh" time="0.000" classname="com.TestNG.Invocationcount_concept"/>
  <system-out/>
  <testcase name="url" time="0.000" classname="com.TestNG.Invocationcount_concept"/>
  <system-out/>
</testsuite> <!-- com.TestNG.Invocationcount_concept -->
