<?xml version="1.0" encoding="UTF-8"?>
<!-- Generated by org.testng.reporters.JUnitReportReporter -->
<testsuite skipped="1" hostname="DESKTOP-VEIHVE1" name="com.TestNG.Ignore_Test" tests="2" failures="0" timestamp="2021-05-09T21:03:31 IST" time="0.016" errors="0">
  <testcase name="laptop" time="0.016" classname="com.TestNG.Ignore_Test"/>
  <system-out/>
  <testcase name="earphones" classname="com.TestNG.Ignore_Test">
    <skipped/>
  </testcase> <!-- earphones -->
  <system-out/>
</testsuite> <!-- com.TestNG.Ignore_Test -->
