<?xml version="1.0" encoding="UTF-8"?>
<!-- Generated by org.testng.reporters.JUnitReportReporter -->
<testsuite skipped="0" hostname="DESKTOP-VEIHVE1" name="com.TestNG.Simple_Annotation" tests="3" failures="0" timestamp="2021-05-09T20:41:59 IST" time="0.015" errors="0">
  <testcase name="mobile" time="0.000" classname="com.TestNG.Simple_Annotation"/>
  <system-out/>
  <testcase name="earphones" time="0.015" classname="com.TestNG.Simple_Annotation"/>
  <system-out/>
  <testcase name="laptop" time="0.000" classname="com.TestNG.Simple_Annotation"/>
  <system-out/>
</testsuite> <!-- com.TestNG.Simple_Annotation -->
