<?xml version="1.0" encoding="UTF-8"?>
<!-- Generated by org.testng.reporters.JUnitReportReporter -->
<testsuite skipped="0" hostname="DESKTOP-VEIHVE1" name="com.TestNG.Priority_Concept" tests="3" failures="0" timestamp="2021-05-09T21:07:10 IST" time="0.062" errors="0">
  <testcase name="laptop" time="0.047" classname="com.TestNG.Priority_Concept"/>
  <system-out/>
  <testcase name="mobile" time="0.015" classname="com.TestNG.Priority_Concept"/>
  <system-out/>
  <testcase name="earphones" time="0.000" classname="com.TestNG.Priority_Concept"/>
  <system-out/>
</testsuite> <!-- com.TestNG.Priority_Concept -->
