<?xml version="1.0" encoding="UTF-8"?>
<!-- Generated by org.testng.reporters.JUnitReportReporter -->
<testsuite skipped="0" hostname="DESKTOP-VEIHVE1" name="com.TestNG.Parameterized_Concept" tests="1" failures="0" timestamp="2021-05-09T23:34:22 IST" time="0.031" errors="0">
  <testcase name="Demo" time="0.031" classname="com.TestNG.Parameterized_Concept"/>
  <system-out/>
</testsuite> <!-- com.TestNG.Parameterized_Concept -->
