<?xml version="1.0" encoding="UTF-8"?>
<!-- Generated by org.testng.reporters.JUnitReportReporter -->
<testsuite skipped="0" hostname="DESKTOP-VEIHVE1" name="com.TestNG.Grouping_Concept" tests="5" failures="0" timestamp="2021-05-09T23:13:47 IST" time="0.015" errors="0">
  <testcase name="laptop" time="0.000" classname="com.TestNG.Grouping_Concept"/>
  <system-out/>
  <testcase name="Whatsapp" time="0.000" classname="com.TestNG.Grouping_Concept"/>
  <system-out/>
  <testcase name="earphones" time="0.000" classname="com.TestNG.Grouping_Concept"/>
  <system-out/>
  <testcase name="Instagram" time="0.015" classname="com.TestNG.Grouping_Concept"/>
  <system-out/>
  <testcase name="mobile" time="0.000" classname="com.TestNG.Grouping_Concept"/>
  <system-out/>
</testsuite> <!-- com.TestNG.Grouping_Concept -->
